2023-07-22T14:37:56+00:00 CRITICAL Uncaught Error: Call to undefined function dd() in C:\xampp\htdocs\wordpress\wp-content\plugins\project-functionality-rafat\widgets\oembed-widget.php:148
Stack trace:
#0 C:\xampp\htdocs\wordpress\wp-content\plugins\elementor\includes\base\controls-stack.php(2268): Elementor_oEmbed_Widget->render()
#1 C:\xampp\htdocs\wordpress\wp-content\plugins\elementor\includes\base\widget-base.php(609): Elementor\Controls_Stack->render_by_mode()
#2 C:\xampp\htdocs\wordpress\wp-content\plugins\elementor\includes\base\widget-base.php(750): Elementor\Widget_Base->render_content()
#3 C:\xampp\htdocs\wordpress\wp-content\plugins\elementor\includes\base\element-base.php(449): Elementor\Widget_Base->print_content()
#4 C:\xampp\htdocs\wordpress\wp-content\plugins\elementor\includes\base\element-base.php(1354): Elementor\Element_Base->print_element()
#5 C:\xampp\htdocs\wordpress\wp-content\plugins\elementor\includes\base\element-base.php(449): Elementor\Element_Base->print_content()
#6 C:\xampp\htdocs\wordpress\wp-content\plugins\elementor\includes\base\element-base.php(1354): Elementor\Element_Base->print_element()
#7 C:\xampp\htdocs\wordpress\wp-content\plugins\elementor\includes\base\element-base.php(449): Elementor\Element_Base->print_content()
#8 C:\xampp\htdocs\wordpress\wp-content\plugins\elementor\includes\base\element-base.php(1354): Elementor\Element_Base->print_element()
#9 C:\xampp\htdocs\wordpress\wp-content\plugins\elementor\includes\base\element-base.php(449): Elementor\Element_Base->print_content()
#10 C:\xampp\htdocs\wordpress\wp-content\plugins\elementor\includes\base\element-base.php(1354): Elementor\Element_Base->print_element()
#11 C:\xampp\htdocs\wordpress\wp-content\plugins\elementor\includes\base\element-base.php(449): Elementor\Element_Base->print_content()
#12 C:\xampp\htdocs\wordpress\wp-content\plugins\porto-functionality\shortcodes\templates\porto_block.php(175): Elementor\Element_Base->print_element()
#13 C:\xampp\htdocs\wordpress\wp-content\plugins\porto-functionality\shortcodes\porto-shortcodes.php(720): include('C:\\xampp\\htdocs...')
#14 C:\xampp\htdocs\wordpress\wp-includes\shortcodes.php(355): PortoShortcodesClass->{closure}(Array, '', 'porto_block')
#15 [internal function]: do_shortcode_tag(Array)
#16 C:\xampp\htdocs\wordpress\wp-includes\shortcodes.php(227): preg_replace_callback('/\\[(\\[?)(porto_...', 'do_shortcode_ta...', '[porto_block id...')
#17 C:\xampp\htdocs\wordpress\wp-content\themes\porto\header\header_builder_p.php(14): do_shortcode('[porto_block id...')
#18 C:\xampp\htdocs\wordpress\wp-includes\template.php(785): require('C:\\xampp\\htdocs...')
#19 C:\xampp\htdocs\wordpress\wp-includes\template.php(718): load_template('C:\\xampp\\htdocs...', false, Array)
#20 C:\xampp\htdocs\wordpress\wp-includes\general-template.php(204): locate_template(Array, true, false, Array)
#21 C:\xampp\htdocs\wordpress\wp-content\themes\porto\header\header.php(11): get_template_part('header/header_b...')
#22 C:\xampp\htdocs\wordpress\wp-includes\template.php(785): require('C:\\xampp\\htdocs...')
#23 C:\xampp\htdocs\wordpress\wp-includes\template.php(718): load_template('C:\\xampp\\htdocs...', false, Array)
#24 C:\xampp\htdocs\wordpress\wp-includes\general-template.php(204): locate_template(Array, true, false, Array)
#25 C:\xampp\htdocs\wordpress\wp-content\themes\porto\header\header_before.php(71): get_template_part('header/header')
#26 C:\xampp\htdocs\wordpress\wp-includes\template.php(785): require('C:\\xampp\\htdocs...')
#27 C:\xampp\htdocs\wordpress\wp-includes\template.php(718): load_template('C:\\xampp\\htdocs...', false, Array)
#28 C:\xampp\htdocs\wordpress\wp-includes\general-template.php(204): locate_template(Array, true, false, Array)
#29 C:\xampp\htdocs\wordpress\wp-content\themes\porto\header.php(22): get_template_part('header/header_b...')
#30 C:\xampp\htdocs\wordpress\wp-includes\template.php(783): require_once('C:\\xampp\\htdocs...')
#31 C:\xampp\htdocs\wordpress\wp-includes\template.php(718): load_template('C:\\xampp\\htdocs...', true, Array)
#32 C:\xampp\htdocs\wordpress\wp-includes\general-template.php(48): locate_template(Array, true, true, Array)
#33 C:\xampp\htdocs\wordpress\wp-content\themes\porto\page.php(1): get_header()
#34 C:\xampp\htdocs\wordpress\wp-includes\template-loader.php(106): include('C:\\xampp\\htdocs...')
#35 C:\xampp\htdocs\wordpress\wp-blog-header.php(19): require_once('C:\\xampp\\htdocs...')
#36 C:\xampp\htdocs\wordpress\index.php(17): require('C:\\xampp\\htdocs...')
#37 {main}
  thrown in C:\xampp\htdocs\wordpress\wp-content\plugins\project-functionality-rafat\widgets\oembed-widget.php on line 148

